#
# A fatal error has been detected by the Java Runtime Environment:
#
#  EXCEPTION_ACCESS_VIOLATION (0xc0000005) at pc=0x000000007110b5db, pid=22520, tid=8928
#
# JRE version: Java(TM) SE Runtime Environment (10.0+46) (build 10+46)
# Java VM: Java HotSpot(TM) 64-Bit Server VM (10+46, mixed mode, tiered, compressed oops, g1 gc, windows-amd64)
# Problematic frame:
# C  [jSSC-2.8_x86_64.dll+0xb5db]
#
# No core dump will be written. Minidumps are not enabled by default on client versions of Windows
#
# If you would like to submit a bug report, please visit:
#   http://bugreport.java.com/bugreport/crash.jsp
# The crash happened outside the Java Virtual Machine in native code.
# See problematic frame for where to report the bug.
#

---------------  S U M M A R Y ------------

Command Line: -javaagent:C:\Program Files\JetBrains\IntelliJ IDEA Community Edition 2019.2.2\lib\idea_rt.jar=38045:C:\Program Files\JetBrains\IntelliJ IDEA Community Edition 2019.2.2\bin -Dfile.encoding=UTF-8 Main11

Host: Intel(R) Core(TM) i7-6700 CPU @ 3.40GHz, 8 cores, 15G,  Windows 10 , 64 bit Build 18362 (10.0.18362.329)
Time: Sun Sep 29 11:23:20 2019 Iiaineae?neia noaiaa?oiia a?aiy elapsed time: 0 seconds (0d 0h 0m 0s)

---------------  T H R E A D  ---------------

Current thread (0x0000022e868c5800):  JavaThread "main" [_thread_in_native, id=8928, stack(0x00000065b9f00000,0x00000065ba000000)]

Stack: [0x00000065b9f00000,0x00000065ba000000],  sp=0x00000065b9fff170,  free space=1020k
Native frames: (J=compiled Java code, j=interpreted, Vv=VM code, C=native code)
C  [jSSC-2.8_x86_64.dll+0xb5db]

Java frames: (J=compiled Java code, j=interpreted, Vv=VM code)
j  jssc.SerialNativeInterface.openPort(Ljava/lang/String;Z)J+0
j  jssc.SerialPort.openPort()Z+65
j  Main11.main([Ljava/lang/String;)V+22
v  ~StubRoutines::call_stub

siginfo: EXCEPTION_ACCESS_VIOLATION (0xc0000005), reading address 0xffffffff847a1bae


Register to memory mapping:

RIP=0x000000007110b5db jSSC-2.8_x86_64.dll
RAX=0xffffffff847a1bae is an unknown value
RBX=0x00000065b9fff1e0 is pointing into the stack for thread: 0x0000022e868c5800
RCX=0x00007fff1e25c2b4 ntdll.dll
RDX=0x0000000000000000 is an unknown value
RSP=0x00000065b9fff170 is pointing into the stack for thread: 0x0000022e868c5800
RBP=0x00000065b9fff2f0 is pointing into the stack for thread: 0x0000022e868c5800
RSI=0x0000022e868c5a70 is an unknown value
RDI=0x0000000000000044 is an unknown value
R8 =0x00000065b9fff068 is pointing into the stack for thread: 0x0000022e868c5800
R9 =0x00000065b9fff160 is pointing into the stack for thread: 0x0000022e868c5800
R10=0x0000000000000000 is an unknown value
R11=0x0000000000000246 is an unknown value
R12=0x00000065b9fff3a8 is pointing into the stack for thread: 0x0000022e868c5800
R13=0x0000022eadcf82c0 is an unknown value
R14=0x00000065b9fff2a0 is pointing into the stack for thread: 0x0000022e868c5800
R15=0x0000022e868c5800 is a thread


Registers:
RAX=0xffffffff847a1bae, RBX=0x00000065b9fff1e0, RCX=0x00007fff1e25c2b4, RDX=0x0000000000000000
RSP=0x00000065b9fff170, RBP=0x00000065b9fff2f0, RSI=0x0000022e868c5a70, RDI=0x0000000000000044
R8 =0x00000065b9fff068, R9 =0x00000065b9fff160, R10=0x0000000000000000, R11=0x0000000000000246
R12=0x00000065b9fff3a8, R13=0x0000022eadcf82c0, R14=0x00000065b9fff2a0, R15=0x0000022e868c5800
RIP=0x000000007110b5db, EFLAGS=0x0000000000010206

Top of Stack: (sp=0x00000065b9fff170)
0x00000065b9fff170:   0000022eadcf7ca0 000000271e1ffc11
0x00000065b9fff180:   000000007110b230 0000022eadcf8000
0x00000065b9fff190:   00000065b9fff2f0 0000000000000004
0x00000065b9fff1a0:   0000022e868c5a70 0000000000000044
0x00000065b9fff1b0:   00000065b9fff2f0 0000000071112590
0x00000065b9fff1c0:   0000022e868c5800 00000065b9fff2a0
0x00000065b9fff1d0:   0000022eadcf82c0 00000065b9fff3a8
0x00000065b9fff1e0:   0000022eadcf82c0 00007fff1e1ffc11
0x00000065b9fff1f0:   00000065b9fff220 0000022e847f0000
0x00000065b9fff200:   00000065b9fff2f0 0000000000000000
0x00000065b9fff210:   0000000071113500 0000000071113be8
0x00000065b9fff220:   00000065b9fff250 0000000071112641
0x00000065b9fff230:   00000065b9fff1c0 0000022e868c5a70
0x00000065b9fff240:   0000000000000000 0000000000000000
0x00000065b9fff250:   00000065b9fff2f0 0000000071101595
0x00000065b9fff260:   000000000000001c 0000022e868c5a70 

Instructions: (pc=0x000000007110b5db)
0x000000007110b5bb:   c5 0f 1f 40 00 55 57 56 53 48 83 ec 28 48 8b 05
0x000000007110b5cb:   39 33 01 00 48 89 cb 48 85 c0 0f 84 c5 00 00 00
0x000000007110b5db:   8b 38 85 ff 0f 88 ab 00 00 00 48 8b 05 1c 33 01
0x000000007110b5eb:   00 48 85 c0 0f 84 bc 00 00 00 8b 30 85 f6 74 57 



---------------  P R O C E S S  ---------------

Threads class SMR info:
_java_thread_list=0x0000022eae07c160, length=13, elements={
0x0000022e868c5800, 0x0000022eadb96000, 0x0000022eadb9e800, 0x0000022eadbf1800,
0x0000022eadbf2000, 0x0000022eadc01000, 0x0000022eadc03800, 0x0000022eadc0f000,
0x0000022eadc3d800, 0x0000022eadc46800, 0x0000022eae1e4800, 0x0000022eae1e3000,
0x0000022eae1e3800
}

Java Threads: ( => current thread )
=>0x0000022e868c5800 JavaThread "main" [_thread_in_native, id=8928, stack(0x00000065b9f00000,0x00000065ba000000)]
  0x0000022eadb96000 JavaThread "Reference Handler" daemon [_thread_blocked, id=11696, stack(0x00000065bb500000,0x00000065bb600000)]
  0x0000022eadb9e800 JavaThread "Finalizer" daemon [_thread_blocked, id=18028, stack(0x00000065bb600000,0x00000065bb700000)]
  0x0000022eadbf1800 JavaThread "Signal Dispatcher" daemon [_thread_blocked, id=12356, stack(0x00000065bb700000,0x00000065bb800000)]
  0x0000022eadbf2000 JavaThread "Attach Listener" daemon [_thread_blocked, id=14232, stack(0x00000065bb800000,0x00000065bb900000)]
  0x0000022eadc01000 JavaThread "C2 CompilerThread0" daemon [_thread_blocked, id=22244, stack(0x00000065bb900000,0x00000065bba00000)]
  0x0000022eadc03800 JavaThread "C2 CompilerThread1" daemon [_thread_blocked, id=14952, stack(0x00000065bba00000,0x00000065bbb00000)]
  0x0000022eadc0f000 JavaThread "C2 CompilerThread2" daemon [_thread_blocked, id=1540, stack(0x00000065bbb00000,0x00000065bbc00000)]
  0x0000022eadc3d800 JavaThread "C1 CompilerThread3" daemon [_thread_blocked, id=20248, stack(0x00000065bbc00000,0x00000065bbd00000)]
  0x0000022eadc46800 JavaThread "Sweeper thread" daemon [_thread_blocked, id=6372, stack(0x00000065bbd00000,0x00000065bbe00000)]
  0x0000022eae1e4800 JavaThread "Common-Cleaner" daemon [_thread_blocked, id=18744, stack(0x00000065bbe00000,0x00000065bbf00000)]
  0x0000022eae1e3000 JavaThread "Monitor Ctrl-Break" daemon [_thread_in_native, id=21540, stack(0x00000065bbf00000,0x00000065bc000000)]
  0x0000022eae1e3800 JavaThread "Service Thread" daemon [_thread_blocked, id=9508, stack(0x00000065bc000000,0x00000065bc100000)]

Other Threads:
  0x0000022eadb92000 VMThread "VM Thread" [stack: 0x00000065bb400000,0x00000065bb500000] [id=9744]
  0x0000022eae1fe000 WatcherThread [stack: 0x00000065bc100000,0x00000065bc200000] [id=21228]
  0x0000022e868dd000 GCTaskThread "GC Thread#0" [stack: 0x00000065ba000000,0x00000065ba100000] [id=20056]
  0x0000022e868de000 GCTaskThread "GC Thread#1" [stack: 0x00000065ba100000,0x00000065ba200000] [id=12112]
  0x0000022e868e1800 GCTaskThread "GC Thread#2" [stack: 0x00000065ba200000,0x00000065ba300000] [id=17624]
  0x0000022e868e4000 GCTaskThread "GC Thread#3" [stack: 0x00000065ba300000,0x00000065ba400000] [id=17964]
  0x0000022e868e9000 GCTaskThread "GC Thread#4" [stack: 0x00000065ba400000,0x00000065ba500000] [id=21420]
  0x0000022e868ed000 GCTaskThread "GC Thread#5" [stack: 0x00000065ba500000,0x00000065ba600000] [id=9972]
  0x0000022e868f3800 GCTaskThread "GC Thread#6" [stack: 0x00000065ba600000,0x00000065ba700000] [id=11728]
  0x0000022e868f5000 GCTaskThread "GC Thread#7" [stack: 0x00000065ba700000,0x00000065ba800000] [id=11396]
  0x0000022e8693e800 ConcurrentGCThread "G1 Main Marker" [stack: 0x00000065ba800000,0x00000065ba900000] [id=10068]
  0x0000022e8693f800 ConcurrentGCThread "G1 Conc#0" [stack: 0x00000065ba900000,0x00000065baa00000] [id=17464]
  0x0000022e86947000 ConcurrentGCThread "G1 Conc#1" [stack: 0x00000065baa00000,0x00000065bab00000] [id=21232]
  0x0000022eaa85f800 ConcurrentGCThread "G1 Refine#0" [stack: 0x00000065bab00000,0x00000065bac00000] [id=16532]
  0x0000022eaa861000 ConcurrentGCThread "G1 Refine#1" [stack: 0x00000065bac00000,0x00000065bad00000] [id=11076]
  0x0000022eaa864000 ConcurrentGCThread "G1 Refine#2" [stack: 0x00000065bad00000,0x00000065bae00000] [id=10696]
  0x0000022eaa867000 ConcurrentGCThread "G1 Refine#3" [stack: 0x00000065bae00000,0x00000065baf00000] [id=9396]
  0x0000022eaa868000 ConcurrentGCThread "G1 Refine#4" [stack: 0x00000065baf00000,0x00000065bb000000] [id=16316]
  0x0000022eaa86b000 ConcurrentGCThread "G1 Refine#5" [stack: 0x00000065bb000000,0x00000065bb100000] [id=14960]
  0x0000022eaa870000 ConcurrentGCThread "G1 Refine#6" [stack: 0x00000065bb100000,0x00000065bb200000] [id=2164]
  0x0000022eaa878800 ConcurrentGCThread "G1 Refine#7" [stack: 0x00000065bb200000,0x00000065bb300000] [id=20888]
  0x0000022eaa879000 ConcurrentGCThread "G1 Young RemSet Sampling" [stack: 0x00000065bb300000,0x00000065bb400000] [id=6228]

Threads with active compile tasks:

VM state:not at safepoint (normal execution)

VM Mutex/Monitor currently owned by a thread: None

Heap address: 0x00000006c0e00000, size: 4082 MB, Compressed Oops mode: Zero based, Oop shift amount: 3
Narrow klass base: 0x0000000000000000, Narrow klass shift: 3
Compressed class space size: 1073741824 Address: 0x00000007c0000000

Heap:
 garbage-first heap   total 262144K, used 3072K [0x00000006c0e00000, 0x00000007c0000000)
  region size 1024K, 4 young (4096K), 0 survivors (0K)
 Metaspace       used 7370K, capacity 7510K, committed 7680K, reserved 1056768K
  class space    used 646K, capacity 697K, committed 768K, reserved 1048576K
Heap Regions: E=young(eden), S=young(survivor), O=old, HS=humongous(starts), HC=humongous(continues), CS=collection set, F=free, A=archive, TS=gc time stamp, AC=allocation context, TAMS=top-at-mark-start (previous, next)
|   0|0x00000006c0e00000, 0x00000006c0e00000, 0x00000006c0f00000|  0%| F|  |TS  0|AC  0|TAMS 0x00000006c0e00000, 0x00000006c0e00000|
|   1|0x00000006c0f00000, 0x00000006c0f00000, 0x00000006c1000000|  0%| F|  |TS  0|AC  0|TAMS 0x00000006c0f00000, 0x00000006c0f00000|
|   2|0x00000006c1000000, 0x00000006c1000000, 0x00000006c1100000|  0%| F|  |TS  0|AC  0|TAMS 0x00000006c1000000, 0x00000006c1000000|
|   3|0x00000006c1100000, 0x00000006c1100000, 0x00000006c1200000|  0%| F|  |TS  0|AC  0|TAMS 0x00000006c1100000, 0x00000006c1100000|
|   4|0x00000006c1200000, 0x00000006c1200000, 0x00000006c1300000|  0%| F|  |TS  0|AC  0|TAMS 0x00000006c1200000, 0x00000006c1200000|
|   5|0x00000006c1300000, 0x00000006c1300000, 0x00000006c1400000|  0%| F|  |TS  0|AC  0|TAMS 0x00000006c1300000, 0x00000006c1300000|
|   6|0x00000006c1400000, 0x00000006c1400000, 0x00000006c1500000|  0%| F|  |TS  0|AC  0|TAMS 0x00000006c1400000, 0x00000006c1400000|
|   7|0x00000006c1500000, 0x00000006c1500000, 0x00000006c1600000|  0%| F|  |TS  0|AC  0|TAMS 0x00000006c1500000, 0x00000006c1500000|
|   8|0x00000006c1600000, 0x00000006c1600000, 0x00000006c1700000|  0%| F|  |TS  0|AC  0|TAMS 0x00000006c1600000, 0x00000006c1600000|
|   9|0x00000006c1700000, 0x00000006c1700000, 0x00000006c1800000|  0%| F|  |TS  0|AC  0|TAMS 0x00000006c1700000, 0x00000006c1700000|
|  10|0x00000006c1800000, 0x00000006c1800000, 0x00000006c1900000|  0%| F|  |TS  0|AC  0|TAMS 0x00000006c1800000, 0x00000006c1800000|
|  11|0x00000006c1900000, 0x00000006c1900000, 0x00000006c1a00000|  0%| F|  |TS  0|AC  0|TAMS 0x00000006c1900000, 0x00000006c1900000|
|  12|0x00000006c1a00000, 0x00000006c1a00000, 0x00000006c1b00000|  0%| F|  |TS  0|AC  0|TAMS 0x00000006c1a00000, 0x00000006c1a00000|
|  13|0x00000006c1b00000, 0x00000006c1b00000, 0x00000006c1c00000|  0%| F|  |TS  0|AC  0|TAMS 0x00000006c1b00000, 0x00000006c1b00000|
|  14|0x00000006c1c00000, 0x00000006c1c00000, 0x00000006c1d00000|  0%| F|  |TS  0|AC  0|TAMS 0x00000006c1c00000, 0x00000006c1c00000|
|  15|0x00000006c1d00000, 0x00000006c1d00000, 0x00000006c1e00000|  0%| F|  |TS  0|AC  0|TAMS 0x00000006c1d00000, 0x00000006c1d00000|
|  16|0x00000006c1e00000, 0x00000006c1e00000, 0x00000006c1f00000|  0%| F|  |TS  0|AC  0|TAMS 0x00000006c1e00000, 0x00000006c1e00000|
|  17|0x00000006c1f00000, 0x00000006c1f00000, 0x00000006c2000000|  0%| F|  |TS  0|AC  0|TAMS 0x00000006c1f00000, 0x00000006c1f00000|
|  18|0x00000006c2000000, 0x00000006c2000000, 0x00000006c2100000|  0%| F|  |TS  0|AC  0|TAMS 0x00000006c2000000, 0x00000006c2000000|
|  19|0x00000006c2100000, 0x00000006c2100000, 0x00000006c2200000|  0%| F|  |TS  0|AC  0|TAMS 0x00000006c2100000, 0x00000006c2100000|
|  20|0x00000006c2200000, 0x00000006c2200000, 0x00000006c2300000|  0%| F|  |TS  0|AC  0|TAMS 0x00000006c2200000, 0x00000006c2200000|
|  21|0x00000006c2300000, 0x00000006c2300000, 0x00000006c2400000|  0%| F|  |TS  0|AC  0|TAMS 0x00000006c2300000, 0x00000006c2300000|
|  22|0x00000006c2400000, 0x00000006c2400000, 0x00000006c2500000|  0%| F|  |TS  0|AC  0|TAMS 0x00000006c2400000, 0x00000006c2400000|
|  23|0x00000006c2500000, 0x00000006c2500000, 0x00000006c2600000|  0%| F|  |TS  0|AC  0|TAMS 0x00000006c2500000, 0x00000006c2500000|
|  24|0x00000006c2600000, 0x00000006c2600000, 0x00000006c2700000|  0%| F|  |TS  0|AC  0|TAMS 0x00000006c2600000, 0x00000006c2600000|
|  25|0x00000006c2700000, 0x00000006c2700000, 0x00000006c2800000|  0%| F|  |TS  0|AC  0|TAMS 0x00000006c2700000, 0x00000006c2700000|
|  26|0x00000006c2800000, 0x00000006c2800000, 0x00000006c2900000|  0%| F|  |TS  0|AC  0|TAMS 0x00000006c2800000, 0x00000006c2800000|
|  27|0x00000006c2900000, 0x00000006c2900000, 0x00000006c2a00000|  0%| F|  |TS  0|AC  0|TAMS 0x00000006c2900000, 0x00000006c2900000|
|  28|0x00000006c2a00000, 0x00000006c2a00000, 0x00000006c2b00000|  0%| F|  |TS  0|AC  0|TAMS 0x00000006c2a00000, 0x00000006c2a00000|
|  29|0x00000006c2b00000, 0x00000006c2b00000, 0x00000006c2c00000|  0%| F|  |TS  0|AC  0|TAMS 0x00000006c2b00000, 0x00000006c2b00000|
|  30|0x00000006c2c00000, 0x00000006c2c00000, 0x00000006c2d00000|  0%| F|  |TS  0|AC  0|TAMS 0x00000006c2c00000, 0x00000006c2c00000|
|  31|0x00000006c2d00000, 0x00000006c2d00000, 0x00000006c2e00000|  0%| F|  |TS  0|AC  0|TAMS 0x00000006c2d00000, 0x00000006c2d00000|
|  32|0x00000006c2e00000, 0x00000006c2e00000, 0x00000006c2f00000|  0%| F|  |TS  0|AC  0|TAMS 0x00000006c2e00000, 0x00000006c2e00000|
|  33|0x00000006c2f00000, 0x00000006c2f00000, 0x00000006c3000000|  0%| F|  |TS  0|AC  0|TAMS 0x00000006c2f00000, 0x00000006c2f00000|
|  34|0x00000006c3000000, 0x00000006c3000000, 0x00000006c3100000|  0%| F|  |TS  0|AC  0|TAMS 0x00000006c3000000, 0x00000006c3000000|
|  35|0x00000006c3100000, 0x00000006c3100000, 0x00000006c3200000|  0%| F|  |TS  0|AC  0|TAMS 0x00000006c3100000, 0x00000006c3100000|
|  36|0x00000006c3200000, 0x00000006c3200000, 0x00000006c3300000|  0%| F|  |TS  0|AC  0|TAMS 0x00000006c3200000, 0x00000006c3200000|
|  37|0x00000006c3300000, 0x00000006c3300000, 0x00000006c3400000|  0%| F|  |TS  0|AC  0|TAMS 0x00000006c3300000, 0x00000006c3300000|
|  38|0x00000006c3400000, 0x00000006c3400000, 0x00000006c3500000|  0%| F|  |TS  0|AC  0|TAMS 0x00000006c3400000, 0x00000006c3400000|
|  39|0x00000006c3500000, 0x00000006c3500000, 0x00000006c3600000|  0%| F|  |TS  0|AC  0|TAMS 0x00000006c3500000, 0x00000006c3500000|
|  40|0x00000006c3600000, 0x00000006c3600000, 0x00000006c3700000|  0%| F|  |TS  0|AC  0|TAMS 0x00000006c3600000, 0x00000006c3600000|
|  41|0x00000006c3700000, 0x00000006c3700000, 0x00000006c3800000|  0%| F|  |TS  0|AC  0|TAMS 0x00000006c3700000, 0x00000006c3700000|
|  42|0x00000006c3800000, 0x00000006c3800000, 0x00000006c3900000|  0%| F|  |TS  0|AC  0|TAMS 0x00000006c3800000, 0x00000006c3800000|
|  43|0x00000006c3900000, 0x00000006c3900000, 0x00000006c3a00000|  0%| F|  |TS  0|AC  0|TAMS 0x00000006c3900000, 0x00000006c3900000|
|  44|0x00000006c3a00000, 0x00000006c3a00000, 0x00000006c3b00000|  0%| F|  |TS  0|AC  0|TAMS 0x00000006c3a00000, 0x00000006c3a00000|
|  45|0x00000006c3b00000, 0x00000006c3b00000, 0x00000006c3c00000|  0%| F|  |TS  0|AC  0|TAMS 0x00000006c3b00000, 0x00000006c3b00000|
|  46|0x00000006c3c00000, 0x00000006c3c00000, 0x00000006c3d00000|  0%| F|  |TS  0|AC  0|TAMS 0x00000006c3c00000, 0x00000006c3c00000|
|  47|0x00000006c3d00000, 0x00000006c3d00000, 0x00000006c3e00000|  0%| F|  |TS  0|AC  0|TAMS 0x00000006c3d00000, 0x00000006c3d00000|
|  48|0x00000006c3e00000, 0x00000006c3e00000, 0x00000006c3f00000|  0%| F|  |TS  0|AC  0|TAMS 0x00000006c3e00000, 0x00000006c3e00000|
|  49|0x00000006c3f00000, 0x00000006c3f00000, 0x00000006c4000000|  0%| F|  |TS  0|AC  0|TAMS 0x00000006c3f00000, 0x00000006c3f00000|
|  50|0x00000006c4000000, 0x00000006c4000000, 0x00000006c4100000|  0%| F|  |TS  0|AC  0|TAMS 0x00000006c4000000, 0x00000006c4000000|
|  51|0x00000006c4100000, 0x00000006c4100000, 0x00000006c4200000|  0%| F|  |TS  0|AC  0|TAMS 0x00000006c4100000, 0x00000006c4100000|
|  52|0x00000006c4200000, 0x00000006c4200000, 0x00000006c4300000|  0%| F|  |TS  0|AC  0|TAMS 0x00000006c4200000, 0x00000006c4200000|
|  53|0x00000006c4300000, 0x00000006c4300000, 0x00000006c4400000|  0%| F|  |TS  0|AC  0|TAMS 0x00000006c4300000, 0x00000006c4300000|
|  54|0x00000006c4400000, 0x00000006c4400000, 0x00000006c4500000|  0%| F|  |TS  0|AC  0|TAMS 0x00000006c4400000, 0x00000006c4400000|
|  55|0x00000006c4500000, 0x00000006c4500000, 0x00000006c4600000|  0%| F|  |TS  0|AC  0|TAMS 0x00000006c4500000, 0x00000006c4500000|
|  56|0x00000006c4600000, 0x00000006c4600000, 0x00000006c4700000|  0%| F|  |TS  0|AC  0|TAMS 0x00000006c4600000, 0x00000006c4600000|
|  57|0x00000006c4700000, 0x00000006c4700000, 0x00000006c4800000|  0%| F|  |TS  0|AC  0|TAMS 0x00000006c4700000, 0x00000006c4700000|
|  58|0x00000006c4800000, 0x00000006c4800000, 0x00000006c4900000|  0%| F|  |TS  0|AC  0|TAMS 0x00000006c4800000, 0x00000006c4800000|
|  59|0x00000006c4900000, 0x00000006c4900000, 0x00000006c4a00000|  0%| F|  |TS  0|AC  0|TAMS 0x00000006c4900000, 0x00000006c4900000|
|  60|0x00000006c4a00000, 0x00000006c4a00000, 0x00000006c4b00000|  0%| F|  |TS  0|AC  0|TAMS 0x00000006c4a00000, 0x00000006c4a00000|
|  61|0x00000006c4b00000, 0x00000006c4b00000, 0x00000006c4c00000|  0%| F|  |TS  0|AC  0|TAMS 0x00000006c4b00000, 0x00000006c4b00000|
|  62|0x00000006c4c00000, 0x00000006c4c00000, 0x00000006c4d00000|  0%| F|  |TS  0|AC  0|TAMS 0x00000006c4c00000, 0x00000006c4c00000|
|  63|0x00000006c4d00000, 0x00000006c4d00000, 0x00000006c4e00000|  0%| F|  |TS  0|AC  0|TAMS 0x00000006c4d00000, 0x00000006c4d00000|
|  64|0x00000006c4e00000, 0x00000006c4e00000, 0x00000006c4f00000|  0%| F|  |TS  0|AC  0|TAMS 0x00000006c4e00000, 0x00000006c4e00000|
|  65|0x00000006c4f00000, 0x00000006c4f00000, 0x00000006c5000000|  0%| F|  |TS  0|AC  0|TAMS 0x00000006c4f00000, 0x00000006c4f00000|
|  66|0x00000006c5000000, 0x00000006c5000000, 0x00000006c5100000|  0%| F|  |TS  0|AC  0|TAMS 0x00000006c5000000, 0x00000006c5000000|
|  67|0x00000006c5100000, 0x00000006c5100000, 0x00000006c5200000|  0%| F|  |TS  0|AC  0|TAMS 0x00000006c5100000, 0x00000006c5100000|
|  68|0x00000006c5200000, 0x00000006c5200000, 0x00000006c5300000|  0%| F|  |TS  0|AC  0|TAMS 0x00000006c5200000, 0x00000006c5200000|
|  69|0x00000006c5300000, 0x00000006c5300000, 0x00000006c5400000|  0%| F|  |TS  0|AC  0|TAMS 0x00000006c5300000, 0x00000006c5300000|
|  70|0x00000006c5400000, 0x00000006c5400000, 0x00000006c5500000|  0%| F|  |TS  0|AC  0|TAMS 0x00000006c5400000, 0x00000006c5400000|
|  71|0x00000006c5500000, 0x00000006c5500000, 0x00000006c5600000|  0%| F|  |TS  0|AC  0|TAMS 0x00000006c5500000, 0x00000006c5500000|
|  72|0x00000006c5600000, 0x00000006c5600000, 0x00000006c5700000|  0%| F|  |TS  0|AC  0|TAMS 0x00000006c5600000, 0x00000006c5600000|
|  73|0x00000006c5700000, 0x00000006c5700000, 0x00000006c5800000|  0%| F|  |TS  0|AC  0|TAMS 0x00000006c5700000, 0x00000006c5700000|
|  74|0x00000006c5800000, 0x00000006c5800000, 0x00000006c5900000|  0%| F|  |TS  0|AC  0|TAMS 0x00000006c5800000, 0x00000006c5800000|
|  75|0x00000006c5900000, 0x00000006c5900000, 0x00000006c5a00000|  0%| F|  |TS  0|AC  0|TAMS 0x00000006c5900000, 0x00000006c5900000|
|  76|0x00000006c5a00000, 0x00000006c5a00000, 0x00000006c5b00000|  0%| F|  |TS  0|AC  0|TAMS 0x00000006c5a00000, 0x00000006c5a00000|
|  77|0x00000006c5b00000, 0x00000006c5b00000, 0x00000006c5c00000|  0%| F|  |TS  0|AC  0|TAMS 0x00000006c5b00000, 0x00000006c5b00000|
|  78|0x00000006c5c00000, 0x00000006c5c00000, 0x00000006c5d00000|  0%| F|  |TS  0|AC  0|TAMS 0x00000006c5c00000, 0x00000006c5c00000|
|  79|0x00000006c5d00000, 0x00000006c5d00000, 0x00000006c5e00000|  0%| F|  |TS  0|AC  0|TAMS 0x00000006c5d00000, 0x00000006c5d00000|
|  80|0x00000006c5e00000, 0x00000006c5e00000, 0x00000006c5f00000|  0%| F|  |TS  0|AC  0|TAMS 0x00000006c5e00000, 0x00000006c5e00000|
|  81|0x00000006c5f00000, 0x00000006c5f00000, 0x00000006c6000000|  0%| F|  |TS  0|AC  0|TAMS 0x00000006c5f00000, 0x00000006c5f00000|
|  82|0x00000006c6000000, 0x00000006c6000000, 0x00000006c6100000|  0%| F|  |TS  0|AC  0|TAMS 0x00000006c6000000, 0x00000006c6000000|
|  83|0x00000006c6100000, 0x00000006c6100000, 0x00000006c6200000|  0%| F|  |TS  0|AC  0|TAMS 0x00000006c6100000, 0x00000006c6100000|
|  84|0x00000006c6200000, 0x00000006c6200000, 0x00000006c6300000|  0%| F|  |TS  0|AC  0|TAMS 0x00000006c6200000, 0x00000006c6200000|
|  85|0x00000006c6300000, 0x00000006c6300000, 0x00000006c6400000|  0%| F|  |TS  0|AC  0|TAMS 0x00000006c6300000, 0x00000006c6300000|
|  86|0x00000006c6400000, 0x00000006c6400000, 0x00000006c6500000|  0%| F|  |TS  0|AC  0|TAMS 0x00000006c6400000, 0x00000006c6400000|
|  87|0x00000006c6500000, 0x00000006c6500000, 0x00000006c6600000|  0%| F|  |TS  0|AC  0|TAMS 0x00000006c6500000, 0x00000006c6500000|
|  88|0x00000006c6600000, 0x00000006c6600000, 0x00000006c6700000|  0%| F|  |TS  0|AC  0|TAMS 0x00000006c6600000, 0x00000006c6600000|
|  89|0x00000006c6700000, 0x00000006c6700000, 0x00000006c6800000|  0%| F|  |TS  0|AC  0|TAMS 0x00000006c6700000, 0x00000006c6700000|
|  90|0x00000006c6800000, 0x00000006c6800000, 0x00000006c6900000|  0%| F|  |TS  0|AC  0|TAMS 0x00000006c6800000, 0x00000006c6800000|
|  91|0x00000006c6900000, 0x00000006c6900000, 0x00000006c6a00000|  0%| F|  |TS  0|AC  0|TAMS 0x00000006c6900000, 0x00000006c6900000|
|  92|0x00000006c6a00000, 0x00000006c6a00000, 0x00000006c6b00000|  0%| F|  |TS  0|AC  0|TAMS 0x00000006c6a00000, 0x00000006c6a00000|
|  93|0x00000006c6b00000, 0x00000006c6b00000, 0x00000006c6c00000|  0%| F|  |TS  0|AC  0|TAMS 0x00000006c6b00000, 0x00000006c6b00000|
|  94|0x00000006c6c00000, 0x00000006c6c00000, 0x00000006c6d00000|  0%| F|  |TS  0|AC  0|TAMS 0x00000006c6c00000, 0x00000006c6c00000|
|  95|0x00000006c6d00000, 0x00000006c6d00000, 0x00000006c6e00000|  0%| F|  |TS  0|AC  0|TAMS 0x00000006c6d00000, 0x00000006c6d00000|
|  96|0x00000006c6e00000, 0x00000006c6e00000, 0x00000006c6f00000|  0%| F|  |TS  0|AC  0|TAMS 0x00000006c6e00000, 0x00000006c6e00000|
|  97|0x00000006c6f00000, 0x00000006c6f00000, 0x00000006c7000000|  0%| F|  |TS  0|AC  0|TAMS 0x00000006c6f00000, 0x00000006c6f00000|
|  98|0x00000006c7000000, 0x00000006c7000000, 0x00000006c7100000|  0%| F|  |TS  0|AC  0|TAMS 0x00000006c7000000, 0x00000006c7000000|
|  99|0x00000006c7100000, 0x00000006c7100000, 0x00000006c7200000|  0%| F|  |TS  0|AC  0|TAMS 0x00000006c7100000, 0x00000006c7100000|
| 100|0x00000006c7200000, 0x00000006c7200000, 0x00000006c7300000|  0%| F|  |TS  0|AC  0|TAMS 0x00000006c7200000, 0x00000006c7200000|
| 101|0x00000006c7300000, 0x00000006c7300000, 0x00000006c7400000|  0%| F|  |TS  0|AC  0|TAMS 0x00000006c7300000, 0x00000006c7300000|
| 102|0x00000006c7400000, 0x00000006c7400000, 0x00000006c7500000|  0%| F|  |TS  0|AC  0|TAMS 0x00000006c7400000, 0x00000006c7400000|
| 103|0x00000006c7500000, 0x00000006c7500000, 0x00000006c7600000|  0%| F|  |TS  0|AC  0|TAMS 0x00000006c7500000, 0x00000006c7500000|
| 104|0x00000006c7600000, 0x00000006c7600000, 0x00000006c7700000|  0%| F|  |TS  0|AC  0|TAMS 0x00000006c7600000, 0x00000006c7600000|
| 105|0x00000006c7700000, 0x00000006c7700000, 0x00000006c7800000|  0%| F|  |TS  0|AC  0|TAMS 0x00000006c7700000, 0x00000006c7700000|
| 106|0x00000006c7800000, 0x00000006c7800000, 0x00000006c7900000|  0%| F|  |TS  0|AC  0|TAMS 0x00000006c7800000, 0x00000006c7800000|
| 107|0x00000006c7900000, 0x00000006c7900000, 0x00000006c7a00000|  0%| F|  |TS  0|AC  0|TAMS 0x00000006c7900000, 0x00000006c7900000|
| 108|0x00000006c7a00000, 0x00000006c7a00000, 0x00000006c7b00000|  0%| F|  |TS  0|AC  0|TAMS 0x00000006c7a00000, 0x00000006c7a00000|
| 109|0x00000006c7b00000, 0x00000006c7b00000, 0x00000006c7c00000|  0%| F|  |TS  0|AC  0|TAMS 0x00000006c7b00000, 0x00000006c7b00000|
| 110|0x00000006c7c00000, 0x00000006c7c00000, 0x00000006c7d00000|  0%| F|  |TS  0|AC  0|TAMS 0x00000006c7c00000, 0x00000006c7c00000|
| 111|0x00000006c7d00000, 0x00000006c7d00000, 0x00000006c7e00000|  0%| F|  |TS  0|AC  0|TAMS 0x00000006c7d00000, 0x00000006c7d00000|
| 112|0x00000006c7e00000, 0x00000006c7e00000, 0x00000006c7f00000|  0%| F|  |TS  0|AC  0|TAMS 0x00000006c7e00000, 0x00000006c7e00000|
| 113|0x00000006c7f00000, 0x00000006c7f00000, 0x00000006c8000000|  0%| F|  |TS  0|AC  0|TAMS 0x00000006c7f00000, 0x00000006c7f00000|
| 114|0x00000006c8000000, 0x00000006c8000000, 0x00000006c8100000|  0%| F|  |TS  0|AC  0|TAMS 0x00000006c8000000, 0x00000006c8000000|
| 115|0x00000006c8100000, 0x00000006c8100000, 0x00000006c8200000|  0%| F|  |TS  0|AC  0|TAMS 0x00000006c8100000, 0x00000006c8100000|
| 116|0x00000006c8200000, 0x00000006c8200000, 0x00000006c8300000|  0%| F|  |TS  0|AC  0|TAMS 0x00000006c8200000, 0x00000006c8200000|
| 117|0x00000006c8300000, 0x00000006c8300000, 0x00000006c8400000|  0%| F|  |TS  0|AC  0|TAMS 0x00000006c8300000, 0x00000006c8300000|
| 118|0x00000006c8400000, 0x00000006c8400000, 0x00000006c8500000|  0%| F|  |TS  0|AC  0|TAMS 0x00000006c8400000, 0x00000006c8400000|
| 119|0x00000006c8500000, 0x00000006c8500000, 0x00000006c8600000|  0%| F|  |TS  0|AC  0|TAMS 0x00000006c8500000, 0x00000006c8500000|
| 120|0x00000006c8600000, 0x00000006c8600000, 0x00000006c8700000|  0%| F|  |TS  0|AC  0|TAMS 0x00000006c8600000, 0x00000006c8600000|
| 121|0x00000006c8700000, 0x00000006c8700000, 0x00000006c8800000|  0%| F|  |TS  0|AC  0|TAMS 0x00000006c8700000, 0x00000006c8700000|
| 122|0x00000006c8800000, 0x00000006c8800000, 0x00000006c8900000|  0%| F|  |TS  0|AC  0|TAMS 0x00000006c8800000, 0x00000006c8800000|
| 123|0x00000006c8900000, 0x00000006c8900000, 0x00000006c8a00000|  0%| F|  |TS  0|AC  0|TAMS 0x00000006c8900000, 0x00000006c8900000|
| 124|0x00000006c8a00000, 0x00000006c8a00000, 0x00000006c8b00000|  0%| F|  |TS  0|AC  0|TAMS 0x00000006c8a00000, 0x00000006c8a00000|
| 125|0x00000006c8b00000, 0x00000006c8b00000, 0x00000006c8c00000|  0%| F|  |TS  0|AC  0|TAMS 0x00000006c8b00000, 0x00000006c8b00000|
| 126|0x00000006c8c00000, 0x00000006c8c00000, 0x00000006c8d00000|  0%| F|  |TS  0|AC  0|TAMS 0x00000006c8c00000, 0x00000006c8c00000|
| 127|0x00000006c8d00000, 0x00000006c8d00000, 0x00000006c8e00000|  0%| F|  |TS  0|AC  0|TAMS 0x00000006c8d00000, 0x00000006c8d00000|
| 128|0x00000006c8e00000, 0x00000006c8e00000, 0x00000006c8f00000|  0%| F|  |TS  0|AC  0|TAMS 0x00000006c8e00000, 0x00000006c8e00000|
| 129|0x00000006c8f00000, 0x00000006c8f00000, 0x00000006c9000000|  0%| F|  |TS  0|AC  0|TAMS 0x00000006c8f00000, 0x00000006c8f00000|
| 130|0x00000006c9000000, 0x00000006c9000000, 0x00000006c9100000|  0%| F|  |TS  0|AC  0|TAMS 0x00000006c9000000, 0x00000006c9000000|
| 131|0x00000006c9100000, 0x00000006c9100000, 0x00000006c9200000|  0%| F|  |TS  0|AC  0|TAMS 0x00000006c9100000, 0x00000006c9100000|
| 132|0x00000006c9200000, 0x00000006c9200000, 0x00000006c9300000|  0%| F|  |TS  0|AC  0|TAMS 0x00000006c9200000, 0x00000006c9200000|
| 133|0x00000006c9300000, 0x00000006c9300000, 0x00000006c9400000|  0%| F|  |TS  0|AC  0|TAMS 0x00000006c9300000, 0x00000006c9300000|
| 134|0x00000006c9400000, 0x00000006c9400000, 0x00000006c9500000|  0%| F|  |TS  0|AC  0|TAMS 0x00000006c9400000, 0x00000006c9400000|
| 135|0x00000006c9500000, 0x00000006c9500000, 0x00000006c9600000|  0%| F|  |TS  0|AC  0|TAMS 0x00000006c9500000, 0x00000006c9500000|
| 136|0x00000006c9600000, 0x00000006c9600000, 0x00000006c9700000|  0%| F|  |TS  0|AC  0|TAMS 0x00000006c9600000, 0x00000006c9600000|
| 137|0x00000006c9700000, 0x00000006c9700000, 0x00000006c9800000|  0%| F|  |TS  0|AC  0|TAMS 0x00000006c9700000, 0x00000006c9700000|
| 138|0x00000006c9800000, 0x00000006c9800000, 0x00000006c9900000|  0%| F|  |TS  0|AC  0|TAMS 0x00000006c9800000, 0x00000006c9800000|
| 139|0x00000006c9900000, 0x00000006c9900000, 0x00000006c9a00000|  0%| F|  |TS  0|AC  0|TAMS 0x00000006c9900000, 0x00000006c9900000|
| 140|0x00000006c9a00000, 0x00000006c9a00000, 0x00000006c9b00000|  0%| F|  |TS  0|AC  0|TAMS 0x00000006c9a00000, 0x00000006c9a00000|
| 141|0x00000006c9b00000, 0x00000006c9b00000, 0x00000006c9c00000|  0%| F|  |TS  0|AC  0|TAMS 0x00000006c9b00000, 0x00000006c9b00000|
| 142|0x00000006c9c00000, 0x00000006c9c00000, 0x00000006c9d00000|  0%| F|  |TS  0|AC  0|TAMS 0x00000006c9c00000, 0x00000006c9c00000|
| 143|0x00000006c9d00000, 0x00000006c9d00000, 0x00000006c9e00000|  0%| F|  |TS  0|AC  0|TAMS 0x00000006c9d00000, 0x00000006c9d00000|
| 144|0x00000006c9e00000, 0x00000006c9e00000, 0x00000006c9f00000|  0%| F|  |TS  0|AC  0|TAMS 0x00000006c9e00000, 0x00000006c9e00000|
| 145|0x00000006c9f00000, 0x00000006c9f00000, 0x00000006ca000000|  0%| F|  |TS  0|AC  0|TAMS 0x00000006c9f00000, 0x00000006c9f00000|
| 146|0x00000006ca000000, 0x00000006ca000000, 0x00000006ca100000|  0%| F|  |TS  0|AC  0|TAMS 0x00000006ca000000, 0x00000006ca000000|
| 147|0x00000006ca100000, 0x00000006ca100000, 0x00000006ca200000|  0%| F|  |TS  0|AC  0|TAMS 0x00000006ca100000, 0x00000006ca100000|
| 148|0x00000006ca200000, 0x00000006ca200000, 0x00000006ca300000|  0%| F|  |TS  0|AC  0|TAMS 0x00000006ca200000, 0x00000006ca200000|
| 149|0x00000006ca300000, 0x00000006ca300000, 0x00000006ca400000|  0%| F|  |TS  0|AC  0|TAMS 0x00000006ca300000, 0x00000006ca300000|
| 150|0x00000006ca400000, 0x00000006ca400000, 0x00000006ca500000|  0%| F|  |TS  0|AC  0|TAMS 0x00000006ca400000, 0x00000006ca400000|
| 151|0x00000006ca500000, 0x00000006ca500000, 0x00000006ca600000|  0%| F|  |TS  0|AC  0|TAMS 0x00000006ca500000, 0x00000006ca500000|
| 152|0x00000006ca600000, 0x00000006ca600000, 0x00000006ca700000|  0%| F|  |TS  0|AC  0|TAMS 0x00000006ca600000, 0x00000006ca600000|
| 153|0x00000006ca700000, 0x00000006ca700000, 0x00000006ca800000|  0%| F|  |TS  0|AC  0|TAMS 0x00000006ca700000, 0x00000006ca700000|
| 154|0x00000006ca800000, 0x00000006ca800000, 0x00000006ca900000|  0%| F|  |TS  0|AC  0|TAMS 0x00000006ca800000, 0x00000006ca800000|
| 155|0x00000006ca900000, 0x00000006ca900000, 0x00000006caa00000|  0%| F|  |TS  0|AC  0|TAMS 0x00000006ca900000, 0x00000006ca900000|
| 156|0x00000006caa00000, 0x00000006caa00000, 0x00000006cab00000|  0%| F|  |TS  0|AC  0|TAMS 0x00000006caa00000, 0x00000006caa00000|
| 157|0x00000006cab00000, 0x00000006cab00000, 0x00000006cac00000|  0%| F|  |TS  0|AC  0|TAMS 0x00000006cab00000, 0x00000006cab00000|
| 158|0x00000006cac00000, 0x00000006cac00000, 0x00000006cad00000|  0%| F|  |TS  0|AC  0|TAMS 0x00000006cac00000, 0x00000006cac00000|
| 159|0x00000006cad00000, 0x00000006cad00000, 0x00000006cae00000|  0%| F|  |TS  0|AC  0|TAMS 0x00000006cad00000, 0x00000006cad00000|
| 160|0x00000006cae00000, 0x00000006cae00000, 0x00000006caf00000|  0%| F|  |TS  0|AC  0|TAMS 0x00000006cae00000, 0x00000006cae00000|
| 161|0x00000006caf00000, 0x00000006caf00000, 0x00000006cb000000|  0%| F|  |TS  0|AC  0|TAMS 0x00000006caf00000, 0x00000006caf00000|
| 162|0x00000006cb000000, 0x00000006cb000000, 0x00000006cb100000|  0%| F|  |TS  0|AC  0|TAMS 0x00000006cb000000, 0x00000006cb000000|
| 163|0x00000006cb100000, 0x00000006cb100000, 0x00000006cb200000|  0%| F|  |TS  0|AC  0|TAMS 0x00000006cb100000, 0x00000006cb100000|
| 164|0x00000006cb200000, 0x00000006cb200000, 0x00000006cb300000|  0%| F|  |TS  0|AC  0|TAMS 0x00000006cb200000, 0x00000006cb200000|
| 165|0x00000006cb300000, 0x00000006cb300000, 0x00000006cb400000|  0%| F|  |TS  0|AC  0|TAMS 0x00000006cb300000, 0x00000006cb300000|
| 166|0x00000006cb400000, 0x00000006cb400000, 0x00000006cb500000|  0%| F|  |TS  0|AC  0|TAMS 0x00000006cb400000, 0x00000006cb400000|
| 167|0x00000006cb500000, 0x00000006cb500000, 0x00000006cb600000|  0%| F|  |TS  0|AC  0|TAMS 0x00000006cb500000, 0x00000006cb500000|
| 168|0x00000006cb600000, 0x00000006cb600000, 0x00000006cb700000|  0%| F|  |TS  0|AC  0|TAMS 0x00000006cb600000, 0x00000006cb600000|
| 169|0x00000006cb700000, 0x00000006cb700000, 0x00000006cb800000|  0%| F|  |TS  0|AC  0|TAMS 0x00000006cb700000, 0x00000006cb700000|
| 170|0x00000006cb800000, 0x00000006cb800000, 0x00000006cb900000|  0%| F|  |TS  0|AC  0|TAMS 0x00000006cb800000, 0x00000006cb800000|
| 171|0x00000006cb900000, 0x00000006cb900000, 0x00000006cba00000|  0%| F|  |TS  0|AC  0|TAMS 0x00000006cb900000, 0x00000006cb900000|
| 172|0x00000006cba00000, 0x00000006cba00000, 0x00000006cbb00000|  0%| F|  |TS  0|AC  0|TAMS 0x00000006cba00000, 0x00000006cba00000|
| 173|0x00000006cbb00000, 0x00000006cbb00000, 0x00000006cbc00000|  0%| F|  |TS  0|AC  0|TAMS 0x00000006cbb00000, 0x00000006cbb00000|
| 174|0x00000006cbc00000, 0x00000006cbc00000, 0x00000006cbd00000|  0%| F|  |TS  0|AC  0|TAMS 0x00000006cbc00000, 0x00000006cbc00000|
| 175|0x00000006cbd00000, 0x00000006cbd00000, 0x00000006cbe00000|  0%| F|  |TS  0|AC  0|TAMS 0x00000006cbd00000, 0x00000006cbd00000|
| 176|0x00000006cbe00000, 0x00000006cbe00000, 0x00000006cbf00000|  0%| F|  |TS  0|AC  0|TAMS 0x00000006cbe00000, 0x00000006cbe00000|
| 177|0x00000006cbf00000, 0x00000006cbf00000, 0x00000006cc000000|  0%| F|  |TS  0|AC  0|TAMS 0x00000006cbf00000, 0x00000006cbf00000|
| 178|0x00000006cc000000, 0x00000006cc000000, 0x00000006cc100000|  0%| F|  |TS  0|AC  0|TAMS 0x00000006cc000000, 0x00000006cc000000|
| 179|0x00000006cc100000, 0x00000006cc100000, 0x00000006cc200000|  0%| F|  |TS  0|AC  0|TAMS 0x00000006cc100000, 0x00000006cc100000|
| 180|0x00000006cc200000, 0x00000006cc200000, 0x00000006cc300000|  0%| F|  |TS  0|AC  0|TAMS 0x00000006cc200000, 0x00000006cc200000|
| 181|0x00000006cc300000, 0x00000006cc300000, 0x00000006cc400000|  0%| F|  |TS  0|AC  0|TAMS 0x00000006cc300000, 0x00000006cc300000|
| 182|0x00000006cc400000, 0x00000006cc400000, 0x00000006cc500000|  0%| F|  |TS  0|AC  0|TAMS 0x00000006cc400000, 0x00000006cc400000|
| 183|0x00000006cc500000, 0x00000006cc500000, 0x00000006cc600000|  0%| F|  |TS  0|AC  0|TAMS 0x00000006cc500000, 0x00000006cc500000|
| 184|0x00000006cc600000, 0x00000006cc600000, 0x00000006cc700000|  0%| F|  |TS  0|AC  0|TAMS 0x00000006cc600000, 0x00000006cc600000|
| 185|0x00000006cc700000, 0x00000006cc700000, 0x00000006cc800000|  0%| F|  |TS  0|AC  0|TAMS 0x00000006cc700000, 0x00000006cc700000|
| 186|0x00000006cc800000, 0x00000006cc800000, 0x00000006cc900000|  0%| F|  |TS  0|AC  0|TAMS 0x00000006cc800000, 0x00000006cc800000|
| 187|0x00000006cc900000, 0x00000006cc900000, 0x00000006cca00000|  0%| F|  |TS  0|AC  0|TAMS 0x00000006cc900000, 0x00000006cc900000|
| 188|0x00000006cca00000, 0x00000006cca00000, 0x00000006ccb00000|  0%| F|  |TS  0|AC  0|TAMS 0x00000006cca00000, 0x00000006cca00000|
| 189|0x00000006ccb00000, 0x00000006ccb00000, 0x00000006ccc00000|  0%| F|  |TS  0|AC  0|TAMS 0x00000006ccb00000, 0x00000006ccb00000|
| 190|0x00000006ccc00000, 0x00000006ccc00000, 0x00000006ccd00000|  0%| F|  |TS  0|AC  0|TAMS 0x00000006ccc00000, 0x00000006ccc00000|
| 191|0x00000006ccd00000, 0x00000006ccd00000, 0x00000006cce00000|  0%| F|  |TS  0|AC  0|TAMS 0x00000006ccd00000, 0x00000006ccd00000|
| 192|0x00000006cce00000, 0x00000006cce00000, 0x00000006ccf00000|  0%| F|  |TS  0|AC  0|TAMS 0x00000006cce00000, 0x00000006cce00000|
| 193|0x00000006ccf00000, 0x00000006ccf00000, 0x00000006cd000000|  0%| F|  |TS  0|AC  0|TAMS 0x00000006ccf00000, 0x00000006ccf00000|
| 194|0x00000006cd000000, 0x00000006cd000000, 0x00000006cd100000|  0%| F|  |TS  0|AC  0|TAMS 0x00000006cd000000, 0x00000006cd000000|
| 195|0x00000006cd100000, 0x00000006cd100000, 0x00000006cd200000|  0%| F|  |TS  0|AC  0|TAMS 0x00000006cd100000, 0x00000006cd100000|
| 196|0x00000006cd200000, 0x00000006cd200000, 0x00000006cd300000|  0%| F|  |TS  0|AC  0|TAMS 0x00000006cd200000, 0x00000006cd200000|
| 197|0x00000006cd300000, 0x00000006cd300000, 0x00000006cd400000|  0%| F|  |TS  0|AC  0|TAMS 0x00000006cd300000, 0x00000006cd300000|
| 198|0x00000006cd400000, 0x00000006cd400000, 0x00000006cd500000|  0%| F|  |TS  0|AC  0|TAMS 0x00000006cd400000, 0x00000006cd400000|
| 199|0x00000006cd500000, 0x00000006cd500000, 0x00000006cd600000|  0%| F|  |TS  0|AC  0|TAMS 0x00000006cd500000, 0x00000006cd500000|
| 200|0x00000006cd600000, 0x00000006cd600000, 0x00000006cd700000|  0%| F|  |TS  0|AC  0|TAMS 0x00000006cd600000, 0x00000006cd600000|
| 201|0x00000006cd700000, 0x00000006cd700000, 0x00000006cd800000|  0%| F|  |TS  0|AC  0|TAMS 0x00000006cd700000, 0x00000006cd700000|
| 202|0x00000006cd800000, 0x00000006cd800000, 0x00000006cd900000|  0%| F|  |TS  0|AC  0|TAMS 0x00000006cd800000, 0x00000006cd800000|
| 203|0x00000006cd900000, 0x00000006cd900000, 0x00000006cda00000|  0%| F|  |TS  0|AC  0|TAMS 0x00000006cd900000, 0x00000006cd900000|
| 204|0x00000006cda00000, 0x00000006cda00000, 0x00000006cdb00000|  0%| F|  |TS  0|AC  0|TAMS 0x00000006cda00000, 0x00000006cda00000|
| 205|0x00000006cdb00000, 0x00000006cdb00000, 0x00000006cdc00000|  0%| F|  |TS  0|AC  0|TAMS 0x00000006cdb00000, 0x00000006cdb00000|
| 206|0x00000006cdc00000, 0x00000006cdc00000, 0x00000006cdd00000|  0%| F|  |TS  0|AC  0|TAMS 0x00000006cdc00000, 0x00000006cdc00000|
| 207|0x00000006cdd00000, 0x00000006cdd00000, 0x00000006cde00000|  0%| F|  |TS  0|AC  0|TAMS 0x00000006cdd00000, 0x00000006cdd00000|
| 208|0x00000006cde00000, 0x00000006cde00000, 0x00000006cdf00000|  0%| F|  |TS  0|AC  0|TAMS 0x00000006cde00000, 0x00000006cde00000|
| 209|0x00000006cdf00000, 0x00000006cdf00000, 0x00000006ce000000|  0%| F|  |TS  0|AC  0|TAMS 0x00000006cdf00000, 0x00000006cdf00000|
| 210|0x00000006ce000000, 0x00000006ce000000, 0x00000006ce100000|  0%| F|  |TS  0|AC  0|TAMS 0x00000006ce000000, 0x00000006ce000000|
| 211|0x00000006ce100000, 0x00000006ce100000, 0x00000006ce200000|  0%| F|  |TS  0|AC  0|TAMS 0x00000006ce100000, 0x00000006ce100000|
| 212|0x00000006ce200000, 0x00000006ce200000, 0x00000006ce300000|  0%| F|  |TS  0|AC  0|TAMS 0x00000006ce200000, 0x00000006ce200000|
| 213|0x00000006ce300000, 0x00000006ce300000, 0x00000006ce400000|  0%| F|  |TS  0|AC  0|TAMS 0x00000006ce300000, 0x00000006ce300000|
| 214|0x00000006ce400000, 0x00000006ce400000, 0x00000006ce500000|  0%| F|  |TS  0|AC  0|TAMS 0x00000006ce400000, 0x00000006ce400000|
| 215|0x00000006ce500000, 0x00000006ce500000, 0x00000006ce600000|  0%| F|  |TS  0|AC  0|TAMS 0x00000006ce500000, 0x00000006ce500000|
| 216|0x00000006ce600000, 0x00000006ce600000, 0x00000006ce700000|  0%| F|  |TS  0|AC  0|TAMS 0x00000006ce600000, 0x00000006ce600000|
| 217|0x00000006ce700000, 0x00000006ce700000, 0x00000006ce800000|  0%| F|  |TS  0|AC  0|TAMS 0x00000006ce700000, 0x00000006ce700000|
| 218|0x00000006ce800000, 0x00000006ce800000, 0x00000006ce900000|  0%| F|  |TS  0|AC  0|TAMS 0x00000006ce800000, 0x00000006ce800000|
| 219|0x00000006ce900000, 0x00000006ce900000, 0x00000006cea00000|  0%| F|  |TS  0|AC  0|TAMS 0x00000006ce900000, 0x00000006ce900000|
| 220|0x00000006cea00000, 0x00000006cea00000, 0x00000006ceb00000|  0%| F|  |TS  0|AC  0|TAMS 0x00000006cea00000, 0x00000006cea00000|
| 221|0x00000006ceb00000, 0x00000006ceb00000, 0x00000006cec00000|  0%| F|  |TS  0|AC  0|TAMS 0x00000006ceb00000, 0x00000006ceb00000|
| 222|0x00000006cec00000, 0x00000006cec00000, 0x00000006ced00000|  0%| F|  |TS  0|AC  0|TAMS 0x00000006cec00000, 0x00000006cec00000|
| 223|0x00000006ced00000, 0x00000006ced00000, 0x00000006cee00000|  0%| F|  |TS  0|AC  0|TAMS 0x00000006ced00000, 0x00000006ced00000|
| 224|0x00000006cee00000, 0x00000006cee00000, 0x00000006cef00000|  0%| F|  |TS  0|AC  0|TAMS 0x00000006cee00000, 0x00000006cee00000|
| 225|0x00000006cef00000, 0x00000006cef00000, 0x00000006cf000000|  0%| F|  |TS  0|AC  0|TAMS 0x00000006cef00000, 0x00000006cef00000|
| 226|0x00000006cf000000, 0x00000006cf000000, 0x00000006cf100000|  0%| F|  |TS  0|AC  0|TAMS 0x00000006cf000000, 0x00000006cf000000|
| 227|0x00000006cf100000, 0x00000006cf100000, 0x00000006cf200000|  0%| F|  |TS  0|AC  0|TAMS 0x00000006cf100000, 0x00000006cf100000|
| 228|0x00000006cf200000, 0x00000006cf200000, 0x00000006cf300000|  0%| F|  |TS  0|AC  0|TAMS 0x00000006cf200000, 0x00000006cf200000|
| 229|0x00000006cf300000, 0x00000006cf300000, 0x00000006cf400000|  0%| F|  |TS  0|AC  0|TAMS 0x00000006cf300000, 0x00000006cf300000|
| 230|0x00000006cf400000, 0x00000006cf400000, 0x00000006cf500000|  0%| F|  |TS  0|AC  0|TAMS 0x00000006cf400000, 0x00000006cf400000|
| 231|0x00000006cf500000, 0x00000006cf500000, 0x00000006cf600000|  0%| F|  |TS  0|AC  0|TAMS 0x00000006cf500000, 0x00000006cf500000|
| 232|0x00000006cf600000, 0x00000006cf600000, 0x00000006cf700000|  0%| F|  |TS  0|AC  0|TAMS 0x00000006cf600000, 0x00000006cf600000|
| 233|0x00000006cf700000, 0x00000006cf700000, 0x00000006cf800000|  0%| F|  |TS  0|AC  0|TAMS 0x00000006cf700000, 0x00000006cf700000|
| 234|0x00000006cf800000, 0x00000006cf800000, 0x00000006cf900000|  0%| F|  |TS  0|AC  0|TAMS 0x00000006cf800000, 0x00000006cf800000|
| 235|0x00000006cf900000, 0x00000006cf900000, 0x00000006cfa00000|  0%| F|  |TS  0|AC  0|TAMS 0x00000006cf900000, 0x00000006cf900000|
| 236|0x00000006cfa00000, 0x00000006cfa00000, 0x00000006cfb00000|  0%| F|  |TS  0|AC  0|TAMS 0x00000006cfa00000, 0x00000006cfa00000|
| 237|0x00000006cfb00000, 0x00000006cfb00000, 0x00000006cfc00000|  0%| F|  |TS  0|AC  0|TAMS 0x00000006cfb00000, 0x00000006cfb00000|
| 238|0x00000006cfc00000, 0x00000006cfc00000, 0x00000006cfd00000|  0%| F|  |TS  0|AC  0|TAMS 0x00000006cfc00000, 0x00000006cfc00000|
| 239|0x00000006cfd00000, 0x00000006cfd00000, 0x00000006cfe00000|  0%| F|  |TS  0|AC  0|TAMS 0x00000006cfd00000, 0x00000006cfd00000|
| 240|0x00000006cfe00000, 0x00000006cfe00000, 0x00000006cff00000|  0%| F|  |TS  0|AC  0|TAMS 0x00000006cfe00000, 0x00000006cfe00000|
| 241|0x00000006cff00000, 0x00000006cff00000, 0x00000006d0000000|  0%| F|  |TS  0|AC  0|TAMS 0x00000006cff00000, 0x00000006cff00000|
| 242|0x00000006d0000000, 0x00000006d0000000, 0x00000006d0100000|  0%| F|  |TS  0|AC  0|TAMS 0x00000006d0000000, 0x00000006d0000000|
| 243|0x00000006d0100000, 0x00000006d0100000, 0x00000006d0200000|  0%| F|  |TS  0|AC  0|TAMS 0x00000006d0100000, 0x00000006d0100000|
| 244|0x00000006d0200000, 0x00000006d0200000, 0x00000006d0300000|  0%| F|  |TS  0|AC  0|TAMS 0x00000006d0200000, 0x00000006d0200000|
| 245|0x00000006d0300000, 0x00000006d0300000, 0x00000006d0400000|  0%| F|  |TS  0|AC  0|TAMS 0x00000006d0300000, 0x00000006d0300000|
| 246|0x00000006d0400000, 0x00000006d0400000, 0x00000006d0500000|  0%| F|  |TS  0|AC  0|TAMS 0x00000006d0400000, 0x00000006d0400000|
| 247|0x00000006d0500000, 0x00000006d0500000, 0x00000006d0600000|  0%| F|  |TS  0|AC  0|TAMS 0x00000006d0500000, 0x00000006d0500000|
| 248|0x00000006d0600000, 0x00000006d0600000, 0x00000006d0700000|  0%| F|  |TS  0|AC  0|TAMS 0x00000006d0600000, 0x00000006d0600000|
| 249|0x00000006d0700000, 0x00000006d0700000, 0x00000006d0800000|  0%| F|  |TS  0|AC  0|TAMS 0x00000006d0700000, 0x00000006d0700000|
| 250|0x00000006d0800000, 0x00000006d0800000, 0x00000006d0900000|  0%| F|  |TS  0|AC  0|TAMS 0x00000006d0800000, 0x00000006d0800000|
| 251|0x00000006d0900000, 0x00000006d0900000, 0x00000006d0a00000|  0%| F|  |TS  0|AC  0|TAMS 0x00000006d0900000, 0x00000006d0900000|
| 252|0x00000006d0a00000, 0x00000006d0a7b950, 0x00000006d0b00000| 48%| E|  |TS  0|AC  0|TAMS 0x00000006d0a00000, 0x00000006d0a00000|
| 253|0x00000006d0b00000, 0x00000006d0c00000, 0x00000006d0c00000|100%| E|CS|TS  0|AC  0|TAMS 0x00000006d0b00000, 0x00000006d0b00000|
| 254|0x00000006d0c00000, 0x00000006d0d00000, 0x00000006d0d00000|100%| E|CS|TS  0|AC  0|TAMS 0x00000006d0c00000, 0x00000006d0c00000|
| 255|0x00000006d0d00000, 0x00000006d0e00000, 0x00000006d0e00000|100%| E|CS|TS  0|AC  0|TAMS 0x00000006d0d00000, 0x00000006d0d00000|

Card table byte_map: [0x0000022ea1780000,0x0000022ea1f80000] byte_map_base: 0x0000022e9e179000

Marking Bits (Prev, Next): (CMBitMap*) 0x0000022e8693e160, (CMBitMap*) 0x0000022e8693e198
 Prev Bits: [0x0000022ea2780000, 0x0000022ea6748000)
 Next Bits: [0x0000022ea6750000, 0x0000022eaa718000)

Polling page: 0x0000022e84790000

CodeHeap 'non-profiled nmethods': size=120000Kb used=103Kb max_used=103Kb free=119896Kb
 bounds [0x0000022e99720000, 0x0000022e99990000, 0x0000022ea0c50000]
CodeHeap 'profiled nmethods': size=120000Kb used=404Kb max_used=404Kb free=119595Kb
 bounds [0x0000022e921f0000, 0x0000022e92460000, 0x0000022e99720000]
CodeHeap 'non-nmethods': size=5760Kb used=1052Kb max_used=1063Kb free=4707Kb
 bounds [0x0000022e91c50000, 0x0000022e91ec0000, 0x0000022e921f0000]
 total_blobs=746 nmethods=316 adapters=253
 compilation: enabled

Compilation events (10 events):
Event: 0.209 Thread 0x0000022eadc3d800  312       3       jdk.internal.jimage.ImageStringsReader::unmaskedHashCode (173 bytes)
Event: 0.209 Thread 0x0000022eadc3d800 nmethod 312 0x0000022e92253a90 code [0x0000022e92253d00, 0x0000022e922548c0]
Event: 0.210 Thread 0x0000022eadc3d800  313       1       java.nio.Buffer::position (5 bytes)
Event: 0.210 Thread 0x0000022eadc3d800 nmethod 313 0x0000022e99739490 code [0x0000022e99739640, 0x0000022e99739758]
Event: 0.210 Thread 0x0000022eadc3d800  314       3       java.nio.Buffer::position (55 bytes)
Event: 0.210 Thread 0x0000022eadc3d800 nmethod 314 0x0000022e92254e10 code [0x0000022e92254fe0, 0x0000022e922552b0]
Event: 0.212 Thread 0x0000022eadc3d800  315       1       java.util.zip.ZipFile::access$300 (5 bytes)
Event: 0.212 Thread 0x0000022eadc3d800 nmethod 315 0x0000022e99739810 code [0x0000022e997399c0, 0x0000022e99739ab8]
Event: 0.212 Thread 0x0000022eadc3d800  316       1       java.util.zip.Inflater$InflaterZStreamRef::address (5 bytes)
Event: 0.212 Thread 0x0000022eadc3d800 nmethod 316 0x0000022e99739b90 code [0x0000022e99739d40, 0x0000022e99739e58]

GC Heap History (0 events):
No events

Deoptimization events (2 events):
Event: 0.104 Thread 0x0000022e868c5800 Uncommon trap: reason=unstable_if action=reinterpret pc=0x0000022e9972897c method=java.util.AbstractCollection.isEmpty()Z @ 4 c2
Event: 0.119 Thread 0x0000022e868c5800 Uncommon trap: reason=unstable_if action=reinterpret pc=0x0000022e99722fec method=java.lang.String.hashCode()I @ 14 c2

Classes redefined (0 events):
No events

Internal exceptions (9 events):
Event: 0.182 Thread 0x0000022e868c5800 Exception <a 'java/lang/NoSuchMethodError'{0x00000006d0b5c898}: method resolution failed> (0x00000006d0b5c898) thrown at [t:/workspace/open/src/hotspot/share/prims/methodHandles.cpp, line 1226]
Event: 0.197 Thread 0x0000022e868c5800 Exception <a 'java/lang/NoSuchMethodError'{0x00000006d0bfd930}: java.lang.invoke.DirectMethodHandle$Holder.invokeInterface(Ljava/lang/Object;Ljava/lang/Object;)Ljava/lang/Object;> (0x00000006d0bfd930) thrown at [t:/workspace/open/src/hotspot/share/interpr
Event: 0.199 Thread 0x0000022e868c5800 Exception <a 'java/lang/NoSuchMethodError'{0x00000006d0a048c8}: java.lang.Object.lambda$identity$2(Ljava/lang/Object;)Ljava/lang/Object;> (0x00000006d0a048c8) thrown at [t:/workspace/open/src/hotspot/share/interpreter/linkResolver.cpp, line 741]
Event: 0.199 Thread 0x0000022e868c5800 Exception <a 'java/lang/NoSuchMethodError'{0x00000006d0a06d98}: java.lang.invoke.DirectMethodHandle$Holder.invokeStaticInit(Ljava/lang/Object;Ljava/lang/Object;Ljava/lang/Object;)Ljava/lang/Object;> (0x00000006d0a06d98) thrown at [t:/workspace/open/src/ho
Event: 0.200 Thread 0x0000022e868c5800 Exception <a 'java/lang/NoSuchMethodError'{0x00000006d0a10150}: method resolution failed> (0x00000006d0a10150) thrown at [t:/workspace/open/src/hotspot/share/prims/methodHandles.cpp, line 1226]
Event: 0.201 Thread 0x0000022e868c5800 Exception <a 'java/lang/InternalError'{0x00000006d0a1e160}: JVMCI is not enabled> (0x00000006d0a1e160) thrown at [t:/workspace/open/src/hotspot/share/jvmci/jvmciRuntime.cpp, line 635]
Event: 0.201 Thread 0x0000022e868c5800 Exception <a 'java/lang/InternalError'{0x00000006d0a1e160}> (0x00000006d0a1e160) thrown at [t:/workspace/open/src/hotspot/share/oops/instanceKlass.cpp, line 840]
Event: 0.202 Thread 0x0000022e868c5800 Exception <a 'java/lang/NoSuchMethodError'{0x00000006d0a25ad8}: java.lang.invoke.DirectMethodHandle$Holder.invokeStatic(Ljava/lang/Object;Ljava/lang/Object;Ljava/lang/Object;)I> (0x00000006d0a25ad8) thrown at [t:/workspace/open/src/hotspot/share/interpret
Event: 0.203 Thread 0x0000022e868c5800 Exception <a 'java/lang/NoSuchMethodError'{0x00000006d0a30d18}: java.lang.invoke.DirectMethodHandle$Holder.invokeSpecial(Ljava/lang/Object;Ljava/lang/Object;Ljava/lang/Object;)I> (0x00000006d0a30d18) thrown at [t:/workspace/open/src/hotspot/share/interpre

Events (10 events):
Event: 0.210 loading class sun/net/www/protocol/jar/URLJarFile
Event: 0.210 loading class sun/net/www/protocol/jar/URLJarFile done
Event: 0.210 loading class sun/net/www/protocol/jar/URLJarFileCallBack
Event: 0.211 loading class sun/net/www/protocol/jar/URLJarFileCallBack done
Event: 0.211 loading class java/util/zip/ZipFile$CleanableResource$FinalizableResource
Event: 0.211 loading class java/util/zip/ZipFile$CleanableResource$FinalizableResource done
Event: 0.211 loading class sun/net/www/protocol/jar/URLJarFile$URLJarFileEntry
Event: 0.211 loading class sun/net/www/protocol/jar/URLJarFile$URLJarFileEntry done
Event: 0.211 loading class sun/net/www/protocol/jar/JarURLConnection$JarURLInputStream
Event: 0.211 loading class sun/net/www/protocol/jar/JarURLConnection$JarURLInputStream done


Dynamic libraries:
0x00007ff6f48c0000 - 0x00007ff6f48fe000 	C:\Program Files\Java\jdk-10\bin\java.exe
0x00007fff1e1c0000 - 0x00007fff1e3b0000 	C:\Windows\SYSTEM32\ntdll.dll
0x00007fff1d040000 - 0x00007fff1d0f2000 	C:\Windows\System32\KERNEL32.DLL
0x00007fff1bf60000 - 0x00007fff1c203000 	C:\Windows\System32\KERNELBASE.dll
0x00007fff1cc60000 - 0x00007fff1cd03000 	C:\Windows\System32\ADVAPI32.dll
0x00007fff1d280000 - 0x00007fff1d31e000 	C:\Windows\System32\msvcrt.dll
0x00007fff1c6b0000 - 0x00007fff1c747000 	C:\Windows\System32\sechost.dll
0x00007fff1deb0000 - 0x00007fff1dfd0000 	C:\Windows\System32\RPCRT4.dll
0x00007fff1cac0000 - 0x00007fff1cc53000 	C:\Windows\System32\USER32.dll
0x00007fff1b610000 - 0x00007fff1b631000 	C:\Windows\System32\win32u.dll
0x00007fff1e100000 - 0x00007fff1e126000 	C:\Windows\System32\GDI32.dll
0x00007fff1b1f0000 - 0x00007fff1b384000 	C:\Windows\System32\gdi32full.dll
0x00007fff1bec0000 - 0x00007fff1bf5e000 	C:\Windows\System32\msvcp_win.dll
0x00007fff1bdc0000 - 0x00007fff1beba000 	C:\Windows\System32\ucrtbase.dll
0x00007fff0fc40000 - 0x00007fff0fec5000 	C:\Windows\WinSxS\amd64_microsoft.windows.common-controls_6595b64144ccf1df_6.0.18362.356_none_e6c4af7d130f27cc\COMCTL32.dll
0x00007fff16000000 - 0x00007fff1600a000 	C:\Windows\SYSTEM32\VERSION.dll
0x00007fff1da10000 - 0x00007fff1dd46000 	C:\Windows\System32\combase.dll
0x00007fff1b170000 - 0x00007fff1b1f0000 	C:\Windows\System32\bcryptPrimitives.dll
0x00007fff1d100000 - 0x00007fff1d12e000 	C:\Windows\System32\IMM32.DLL
0x00007ffeefb50000 - 0x00007ffeefc3f000 	C:\Program Files\Java\jdk-10\bin\msvcr120.dll
0x00007ffefeb20000 - 0x00007ffefebc6000 	C:\Program Files\Java\jdk-10\bin\msvcp120.dll
0x0000000076220000 - 0x0000000076c8f000 	C:\Program Files\Java\jdk-10\bin\server\jvm.dll
0x00007fff1d130000 - 0x00007fff1d138000 	C:\Windows\System32\PSAPI.DLL
0x00007fff190f0000 - 0x00007fff190f9000 	C:\Windows\SYSTEM32\WSOCK32.dll
0x00007fff154d0000 - 0x00007fff154f4000 	C:\Windows\SYSTEM32\WINMM.dll
0x00007fff1d140000 - 0x00007fff1d1af000 	C:\Windows\System32\WS2_32.dll
0x00007fff13770000 - 0x00007fff1379d000 	C:\Windows\SYSTEM32\winmmbase.dll
0x00007fff1b120000 - 0x00007fff1b16a000 	C:\Windows\System32\cfgmgr32.dll
0x00007fff186e0000 - 0x00007fff186ef000 	C:\Program Files\Java\jdk-10\bin\verify.dll
0x00007fff113c0000 - 0x00007fff115b4000 	C:\Windows\SYSTEM32\DBGHELP.DLL
0x00007fff11390000 - 0x00007fff113ba000 	C:\Windows\SYSTEM32\dbgcore.DLL
0x00007fff0b750000 - 0x00007fff0b777000 	C:\Program Files\Java\jdk-10\bin\java.dll
0x00007fff07950000 - 0x00007fff0797a000 	C:\Program Files\Java\jdk-10\bin\instrument.dll
0x00007fff0af70000 - 0x00007fff0af86000 	C:\Program Files\Java\jdk-10\bin\zip.dll
0x00007fff186d0000 - 0x00007fff186da000 	C:\Program Files\Java\jdk-10\bin\jimage.dll
0x00007fff1d320000 - 0x00007fff1da05000 	C:\Windows\System32\SHELL32.dll
0x00007fff1de00000 - 0x00007fff1dea9000 	C:\Windows\System32\shcore.dll
0x00007fff1b640000 - 0x00007fff1bdbe000 	C:\Windows\System32\windows.storage.dll
0x00007fff1b0b0000 - 0x00007fff1b0cf000 	C:\Windows\System32\profapi.dll
0x00007fff1b0d0000 - 0x00007fff1b11a000 	C:\Windows\System32\powrprof.dll
0x00007fff1b060000 - 0x00007fff1b070000 	C:\Windows\System32\UMPDC.dll
0x00007fff1d210000 - 0x00007fff1d262000 	C:\Windows\System32\shlwapi.dll
0x00007fff1b090000 - 0x00007fff1b0a1000 	C:\Windows\System32\kernel.appcore.dll
0x00007fff1b390000 - 0x00007fff1b3a7000 	C:\Windows\System32\cryptsp.dll
0x00007fff069b0000 - 0x00007fff069ca000 	C:\Program Files\Java\jdk-10\bin\net.dll
0x00007fff146b0000 - 0x00007fff147a0000 	C:\Windows\SYSTEM32\WINHTTP.dll
0x00007fff1a8d0000 - 0x00007fff1a937000 	C:\Windows\system32\mswsock.dll
0x00007fff02790000 - 0x00007fff027a1000 	C:\Program Files\Java\jdk-10\bin\nio.dll
0x00007fff02770000 - 0x00007fff0278a000 	C:\Program Files\JetBrains\IntelliJ IDEA Community Edition 2019.2.2\bin\breakgen64.dll
0x00007fff18680000 - 0x00007fff18689000 	C:\Program Files\Java\jdk-10\bin\management.dll
0x00007fff0d470000 - 0x00007fff0d47a000 	C:\Program Files\Java\jdk-10\bin\management_ext.dll
0x0000000071100000 - 0x0000000071125000 	C:\Users\GHOST\.jssc\windows\jSSC-2.8_x86_64.dll

dbghelp: loaded successfully - version: 4.0.5 - missing functions: none
symbol engine: initialized successfully - sym options: 0x614 - pdb path: .;C:\Program Files\Java\jdk-10\bin;C:\Windows\SYSTEM32;C:\Windows\WinSxS\amd64_microsoft.windows.common-controls_6595b64144ccf1df_6.0.18362.356_none_e6c4af7d130f27cc;C:\Program Files\Java\jdk-10\bin\server;C:\Program Files\JetBrains\IntelliJ IDEA Community Edition 2019.2.2\bin;C:\Users\GHOST\.jssc\windows

VM Arguments:
jvm_args: -javaagent:C:\Program Files\JetBrains\IntelliJ IDEA Community Edition 2019.2.2\lib\idea_rt.jar=38045:C:\Program Files\JetBrains\IntelliJ IDEA Community Edition 2019.2.2\bin -Dfile.encoding=UTF-8 
java_command: Main11
java_class_path (initial): D:\YandexDisk\Project\lib\TestLib\out\production\TestLib;D:\YandexDisk\Project\lib\TestLib\src\lib\jSerialComm-1.3.11.jar;D:\YandexDisk\Project\lib\TestLib\src\lib\arduino.jar;D:\YandexDisk\Project\lib\TestLib\src\lib\commons-io-2.6.jar;D:\YandexDisk\Project\lib\TestLib\src\lib\jssc.jar
Launcher Type: SUN_STANDARD

Logging:
Log output configuration:
#0: stdout all=warning uptime,level,tags
#1: stderr all=off uptime,level,tags

Environment Variables:
PATH=C:\ProgramData\Oracle\Java\javapath;C:\Program Files (x86)\Common Files\Oracle\Java\javapath;C:\Program Files (x86)\Python37-32\Scripts\;C:\Program Files (x86)\Python37-32\;C:\Windows\system32;C:\Windows;C:\Windows\System32\Wbem;C:\Windows\System32\WindowsPowerShell\v1.0\;C:\Windows\System32\OpenSSH\;C:\Program Files\nodejs\;C:\Program Files (x86)\NVIDIA Corporation\PhysX\Common;C:\Program Files\NVIDIA Corporation\NVIDIA NvDLISR;C:\Program Files\Git\cmd;C:\Users\GHOST\AppData\Local\Microsoft\WindowsApps;C:\Users\GHOST\AppData\Roaming\npm;C:\Program Files\JetBrains\PyCharm Community Edition 2019.2\bin;C:\Users\GHOST\AppData\Local\Programs\Microsoft VS Code\bin;C:\Users\GHOST\AppData\Local\GitHubDesktop\bin;C:\Program Files\JetBrains\IntelliJ IDEA Community Edition 2019.2.2\bin;
USERNAME=GHOST
OS=Windows_NT
PROCESSOR_IDENTIFIER=Intel64 Family 6 Model 94 Stepping 3, GenuineIntel



---------------  S Y S T E M  ---------------

OS: Windows 10 , 64 bit Build 18362 (10.0.18362.329)

CPU:total 8 (initial active 8) (4 cores per cpu, 2 threads per core) family 6 model 94 stepping 3, cmov, cx8, fxsr, mmx, sse, sse2, sse3, ssse3, sse4.1, sse4.2, popcnt, avx, avx2, aes, clmul, erms, rtm, 3dnowpref, lzcnt, ht, tsc, tscinvbit, bmi1, bmi2, adx, fma

Memory: 4k page, physical 16718952k(8509760k free), swap 21336380k(7565896k free)

vm_info: Java HotSpot(TM) 64-Bit Server VM (10+46) for windows-amd64 JRE (10+46), built on Mar  8 2018 02:11:18 by "mach5one" with MS VC++ 12.0 (VS2013)

END.
